4151 9636 4520 10000
0 6350 496 10000
1396 4780 2321 5428
1347 846 3390 1698
2045 335 3854 846
6034 7210 7033 7974
6191 48 7583 1733
694 5428 2448 6350
7765 7081 10000 7568
5620 488 5801 669
2439 1698 3854 2894
790 9089 1209 9508
6914 4080 10000 5208
3445 7877 4012 8444
6673 8466 6762 8555
3422 3661 4080 6103
4080 4538 4941 6031
9493 9705 9790 10000
1796 475 2045 724
5389 4347 5741 6133
6940 2992 7873 3925
2012 2241 2439 2668
7782 5208 9147 6071
4350 6133 5741 8385
1205 7561 1656 9089
2448 4217 3422 6103
7199 7081 7765 9092
496 7561 1205 9060
5386 2346 6413 4347
2491 8444 4151 10000
5741 5665 6139 6206
6762 7974 7199 8528
4941 4586 5389 6133
5054 811 6191 2346
3854 811 5054 1750
0 1071 694 6350
4162 2636 5386 4538
3854 1750 5054 2636
7873 1197 10000 3132
7873 3132 10000 4080
3893 0 5620 811
7765 7568 9023 8781
496 6350 2800 7561
2800 6103 4350 7877
6929 9092 7324 9487
3395 2894 4162 3661
8569 9800 8704 9935
7511 6460 8342 7081
0 0 3893 335
694 4751 1237 5294
6413 3805 6914 4306
1656 7561 2491 9744
